<?xml version="1.0" encoding="UTF-8"?>
<!-- Generated by org.testng.reporters.JUnitReportReporter -->
<testsuite skipped="1" hostname="Ankurs-MacBook-Pro.local" name="test.BookTest" tests="4" failures="0" timestamp="08 May 2020 16:53:24 GMT" time="4.650" errors="0">
  <testcase name="f" time="3.819" classname="test.BookTest"/>
  <testcase name="f" time="0.417" classname="test.BookTest"/>
  <testcase name="f" time="0.414" classname="test.BookTest"/>
  <testcase name="f2" classname="test.BookTest">
    <skipped/>
  </testcase> <!-- f2 -->
</testsuite> <!-- test.BookTest -->
